<?xml version="1.0" encoding="UTF-8"?>
<!-- Generated by org.testng.reporters.JUnitXMLReporter -->
<testsuite hostname="dell" ignored="0" name="OpenCartTests" tests="4" failures="0" timestamp="2022-04-05T10:24:13 AEST" time="96.837" errors="0">
  <testcase name="test_LoginDDT" time="17.398" classname="testCases.TC_003_LoginDDT"/>
  <testcase name="test_LoginDDT" time="16.594" classname="testCases.TC_003_LoginDDT"/>
  <testcase name="test_LoginDDT" time="16.678" classname="testCases.TC_003_LoginDDT"/>
  <testcase name="test_LoginDDT" time="16.656" classname="testCases.TC_003_LoginDDT"/>
</testsuite> <!-- OpenCartTests -->
